<?xml version="1.0" encoding="UTF-8"?>
<testng-results ignored="0" total="1" passed="1" failed="0" skipped="0">
  <reporter-output>
  </reporter-output>
  <suite started-at="2023-12-27T18:15:07 IST" name="Surefire suite" finished-at="2023-12-27T18:15:07 IST" duration-ms="4">
    <groups>
    </groups>
    <test started-at="2023-12-27T18:15:07 IST" name="Surefire test" finished-at="2023-12-27T18:15:07 IST" duration-ms="4">
      <class name="MESFactoryConnect.MESFactoryConnect.AppTest">
        <test-method signature="testApp()[pri:0, instance:testApp(MESFactoryConnect.MESFactoryConnect.AppTest)]" started-at="2023-12-27T18:15:07 IST" name="testApp" finished-at="2023-12-27T18:15:07 IST" duration-ms="0" status="PASS">
          <reporter-output>
          </reporter-output>
        </test-method> <!-- testApp -->
      </class> <!-- MESFactoryConnect.MESFactoryConnect.AppTest -->
    </test> <!-- Surefire test -->
  </suite> <!-- Surefire suite -->
</testng-results>
