<?xml version="1.0" encoding="UTF-8"?>
<!-- Generated by org.testng.reporters.JUnitXMLReporter -->
<testsuite ignored="0" hostname="PTPL-252" failures="0" tests="6" name="Surefire test" time="91.062" errors="0" timestamp="2023-12-27T18:15:06 IST">
  <testcase classname="TestCases.DailyEnergyReportTest" name="testLogin" time="5.021"/>
  <testcase classname="TestCases.DailyEnergyReportTest" name="downloadEnergyReport" time="30.247"/>
  <testcase classname="TestCases.HourlyEnergyReportTest" name="testLogin" time="5.027"/>
  <testcase classname="TestCases.HourlyEnergyReportTest" name="downloadEnergyReport" time="30.569"/>
  <testcase classname="TestCases.LoginTest" name="testLogo" time="0.055"/>
  <testcase classname="TestCases.LoginTest" name="testLogin" time="5.009"/>
</testsuite> <!-- Surefire test -->
