<?xml version="1.0" encoding="UTF-8"?>
<testng-results ignored="0" total="6" passed="6" failed="0" skipped="0">
  <reporter-output>
  </reporter-output>
  <suite started-at="2023-12-27T18:13:35 IST" name="Surefire suite" finished-at="2023-12-27T18:15:06 IST" duration-ms="91062">
    <groups>
    </groups>
    <test started-at="2023-12-27T18:13:35 IST" name="Surefire test" finished-at="2023-12-27T18:15:06 IST" duration-ms="91062">
      <class name="TestCases.DailyEnergyReportTest">
        <test-method is-config="true" signature="setup()[pri:0, instance:TestCases.DailyEnergyReportTest@1d119efb]" started-at="2023-12-27T18:13:35 IST" name="setup" finished-at="2023-12-27T18:13:41 IST" duration-ms="5168" status="PASS">
          <reporter-output>
          </reporter-output>
        </test-method> <!-- setup -->
        <test-method signature="testLogin()[pri:1, instance:TestCases.DailyEnergyReportTest@1d119efb]" started-at="2023-12-27T18:13:41 IST" name="testLogin" finished-at="2023-12-27T18:13:46 IST" duration-ms="5021" status="PASS">
          <reporter-output>
          </reporter-output>
        </test-method> <!-- testLogin -->
        <test-method signature="downloadEnergyReport()[pri:2, instance:TestCases.DailyEnergyReportTest@1d119efb]" started-at="2023-12-27T18:13:46 IST" name="downloadEnergyReport" finished-at="2023-12-27T18:14:16 IST" duration-ms="30247" status="PASS">
          <reporter-output>
          </reporter-output>
        </test-method> <!-- downloadEnergyReport -->
        <test-method is-config="true" signature="closeBrowser()[pri:0, instance:TestCases.DailyEnergyReportTest@1d119efb]" started-at="2023-12-27T18:14:16 IST" name="closeBrowser" finished-at="2023-12-27T18:14:16 IST" duration-ms="95" status="PASS">
          <reporter-output>
          </reporter-output>
        </test-method> <!-- closeBrowser -->
      </class> <!-- TestCases.DailyEnergyReportTest -->
      <class name="TestCases.LoginTest">
        <test-method is-config="true" signature="setup()[pri:0, instance:TestCases.LoginTest@be64738]" started-at="2023-12-27T18:14:56 IST" name="setup" finished-at="2023-12-27T18:15:01 IST" duration-ms="4859" status="PASS">
          <reporter-output>
          </reporter-output>
        </test-method> <!-- setup -->
        <test-method signature="testLogo()[pri:1, instance:TestCases.LoginTest@be64738]" started-at="2023-12-27T18:15:01 IST" name="testLogo" finished-at="2023-12-27T18:15:01 IST" duration-ms="55" status="PASS">
          <reporter-output>
          </reporter-output>
        </test-method> <!-- testLogo -->
        <test-method signature="testLogin()[pri:2, instance:TestCases.LoginTest@be64738]" started-at="2023-12-27T18:15:01 IST" name="testLogin" finished-at="2023-12-27T18:15:06 IST" duration-ms="5009" status="PASS">
          <reporter-output>
          </reporter-output>
        </test-method> <!-- testLogin -->
        <test-method is-config="true" signature="closeBrowser()[pri:0, instance:TestCases.LoginTest@be64738]" started-at="2023-12-27T18:15:06 IST" name="closeBrowser" finished-at="2023-12-27T18:15:06 IST" duration-ms="51" status="PASS">
          <reporter-output>
          </reporter-output>
        </test-method> <!-- closeBrowser -->
      </class> <!-- TestCases.LoginTest -->
      <class name="TestCases.HourlyEnergyReportTest">
        <test-method is-config="true" signature="setup()[pri:0, instance:TestCases.HourlyEnergyReportTest@6f96c77]" started-at="2023-12-27T18:14:16 IST" name="setup" finished-at="2023-12-27T18:14:21 IST" duration-ms="4865" status="PASS">
          <reporter-output>
          </reporter-output>
        </test-method> <!-- setup -->
        <test-method signature="testLogin()[pri:1, instance:TestCases.HourlyEnergyReportTest@6f96c77]" started-at="2023-12-27T18:14:21 IST" name="testLogin" finished-at="2023-12-27T18:14:26 IST" duration-ms="5027" status="PASS">
          <reporter-output>
          </reporter-output>
        </test-method> <!-- testLogin -->
        <test-method signature="downloadEnergyReport()[pri:2, instance:TestCases.HourlyEnergyReportTest@6f96c77]" started-at="2023-12-27T18:14:26 IST" name="downloadEnergyReport" finished-at="2023-12-27T18:14:56 IST" duration-ms="30569" status="PASS">
          <reporter-output>
          </reporter-output>
        </test-method> <!-- downloadEnergyReport -->
        <test-method is-config="true" signature="closeBrowser()[pri:0, instance:TestCases.HourlyEnergyReportTest@6f96c77]" started-at="2023-12-27T18:14:56 IST" name="closeBrowser" finished-at="2023-12-27T18:14:56 IST" duration-ms="69" status="PASS">
          <reporter-output>
          </reporter-output>
        </test-method> <!-- closeBrowser -->
      </class> <!-- TestCases.HourlyEnergyReportTest -->
    </test> <!-- Surefire test -->
  </suite> <!-- Surefire suite -->
</testng-results>
