<?xml version="1.0" encoding="UTF-8"?>
<testng-results ignored="0" total="2" passed="2" failed="0" skipped="0">
  <reporter-output>
  </reporter-output>
  <suite started-at="2023-12-21T10:58:58 IST" name="Default suite" finished-at="2023-12-21T10:59:38 IST" duration-ms="39890">
    <groups>
    </groups>
    <test started-at="2023-12-21T10:58:58 IST" name="Default test" finished-at="2023-12-21T10:59:38 IST" duration-ms="39890">
      <class name="TestCases.DailyEnergyReportTest">
        <test-method is-config="true" signature="setup()[pri:0, instance:TestCases.DailyEnergyReportTest@2eae8e6e]" started-at="2023-12-21T10:58:58 IST" name="setup" finished-at="2023-12-21T10:59:03 IST" duration-ms="5222" status="PASS">
          <reporter-output>
          </reporter-output>
        </test-method> <!-- setup -->
        <test-method signature="testLogin()[pri:1, instance:TestCases.DailyEnergyReportTest@2eae8e6e]" started-at="2023-12-21T10:59:04 IST" name="testLogin" finished-at="2023-12-21T10:59:08 IST" duration-ms="4208" status="PASS">
          <reporter-output>
          </reporter-output>
        </test-method> <!-- testLogin -->
        <test-method signature="downloadEnergyReport()[pri:2, instance:TestCases.DailyEnergyReportTest@2eae8e6e]" started-at="2023-12-21T10:59:08 IST" name="downloadEnergyReport" finished-at="2023-12-21T10:59:38 IST" duration-ms="30346" status="PASS">
          <reporter-output>
          </reporter-output>
        </test-method> <!-- downloadEnergyReport -->
        <test-method is-config="true" signature="closeBrowser()[pri:0, instance:TestCases.DailyEnergyReportTest@2eae8e6e]" started-at="2023-12-21T10:59:38 IST" name="closeBrowser" finished-at="2023-12-21T10:59:38 IST" duration-ms="71" status="PASS">
          <reporter-output>
          </reporter-output>
        </test-method> <!-- closeBrowser -->
      </class> <!-- TestCases.DailyEnergyReportTest -->
    </test> <!-- Default test -->
  </suite> <!-- Default suite -->
</testng-results>
